------------------------------------------------------------------------------------------------------------------------

[2022-12-22 19:27:17 #1 store] 
Database 'D:\GitHub\Hryaks\hryak.odb' is opened by 27156@RayBenGhoulAxis

[2022-12-22 19:27:17 #2 store] 
Configuration path: ?

[2022-12-22 19:27:17 #3 type] 
Type aboba.Hryak is not enhanced.

------------------------------------------------------------------------------------------------------------------------

[2022-12-22 19:30:13 #1 store] 
Database 'D:\GitHub\Hryaks\hryak.odb' is opened by 15824@RayBenGhoulAxis

[2022-12-22 19:30:13 #2 store] 
Configuration path: ?

[2022-12-22 19:30:13 #3 type] 
Type aboba.Hryak is not enhanced.

------------------------------------------------------------------------------------------------------------------------

[2022-12-22 19:33:34 #1 store] 
Database 'D:\GitHub\Hryaks\hryak.odb' is opened by 24536@RayBenGhoulAxis

[2022-12-22 19:33:34 #2 store] 
Configuration path: ?

[2022-12-22 19:33:34 #3 type] 
Type aboba.Hryak is not enhanced.

------------------------------------------------------------------------------------------------------------------------

[2022-12-22 19:34:41 #1 store] 
Database 'D:\GitHub\Hryaks\hryak.odb' is opened by 24064@RayBenGhoulAxis

[2022-12-22 19:34:41 #2 store] 
Configuration path: ?

[2022-12-22 19:34:42 #3 type] 
Type aboba.Hryak is not enhanced.

------------------------------------------------------------------------------------------------------------------------

[2022-12-22 19:35:50 #1 store] 
Database 'D:\GitHub\Hryaks\hryak.odb' is opened by 26112@RayBenGhoulAxis

[2022-12-22 19:35:50 #2 store] 
Configuration path: ?

[2022-12-22 19:35:50 #3 type] 
Type aboba.Hryak is not enhanced.

------------------------------------------------------------------------------------------------------------------------

[2022-12-22 19:37:06 #1 store] 
Database 'D:\GitHub\Hryaks\hryak.odb' is opened by 17544@RayBenGhoulAxis

[2022-12-22 19:37:06 #2 store] 
Configuration path: ?

[2022-12-22 19:37:06 #3 type] 
Type aboba.Hryak is not enhanced.

------------------------------------------------------------------------------------------------------------------------

[2022-12-22 19:39:17 #1 store] 
Database 'D:\GitHub\Hryaks\hryak.odb' is opened by 24788@RayBenGhoulAxis

[2022-12-22 19:39:17 #2 store] 
Configuration path: ?

[2022-12-22 19:39:17 #3 type] 
Type aboba.Hryak is not enhanced.

------------------------------------------------------------------------------------------------------------------------

[2022-12-22 19:39:54 #1 store] 
Database 'D:\GitHub\Hryaks\hryak.odb' has been recovered (tr. 7-7)

[2022-12-22 19:39:54 #2 store] 
Database 'D:\GitHub\Hryaks\hryak.odb' is opened by 26816@RayBenGhoulAxis

[2022-12-22 19:39:54 #3 store] 
Configuration path: ?

[2022-12-22 19:39:54 #4 type] 
Type aboba.Hryak is not enhanced.

------------------------------------------------------------------------------------------------------------------------

[2022-12-22 19:41:03 #1 store] 
Database 'D:\GitHub\Hryaks\hryak.odb' is opened by 27420@RayBenGhoulAxis

[2022-12-22 19:41:03 #2 store] 
Configuration path: ?

[2022-12-22 19:41:03 #3 type] 
Type aboba.Hryak is not enhanced.

------------------------------------------------------------------------------------------------------------------------

[2022-12-22 20:09:03 #1 store] 
Database 'D:\GitHub\Hryaks\hryak.odb' has been recovered (tr. 12-15)

[2022-12-22 20:09:03 #2 store] 
Database 'D:\GitHub\Hryaks\hryak.odb' is opened by 24824@RayBenGhoulAxis

[2022-12-22 20:09:03 #3 store] 
Configuration path: ?

[2022-12-22 20:09:03 #4 type] 
Type aboba.Hryak is not enhanced.

------------------------------------------------------------------------------------------------------------------------

[2022-12-22 20:10:03 #1 store] 
Database 'D:\GitHub\Hryaks\hryak.odb' has been recovered (tr. 16-16)

[2022-12-22 20:10:03 #2 store] 
Database 'D:\GitHub\Hryaks\hryak.odb' is opened by 26608@RayBenGhoulAxis

[2022-12-22 20:10:03 #3 store] 
Configuration path: ?

[2022-12-22 20:10:03 #4 type] 
Type aboba.Hryak is not enhanced.

------------------------------------------------------------------------------------------------------------------------

[2022-12-22 20:10:57 #1 store] 
Database 'D:\GitHub\Hryaks\hryak.odb' has been recovered (tr. 17-17)

[2022-12-22 20:10:57 #2 store] 
Database 'D:\GitHub\Hryaks\hryak.odb' is opened by 27508@RayBenGhoulAxis

[2022-12-22 20:10:57 #3 store] 
Configuration path: ?

[2022-12-22 20:10:57 #4 type] 
Type aboba.Hryak is not enhanced.

------------------------------------------------------------------------------------------------------------------------

[2022-12-22 20:12:45 #1 store] 
Database 'D:\GitHub\Hryaks\hryak.odb' is opened by 25480@RayBenGhoulAxis

[2022-12-22 20:12:45 #2 store] 
Configuration path: ?

[2022-12-22 20:12:45 #3 type] 
Type aboba.Hryak is not enhanced.

------------------------------------------------------------------------------------------------------------------------

[2022-12-22 20:20:01 #1 store] 
Database 'G:\GitHub\Hryaks\hryak.odb' is opened by 9276@Koliy82PC

[2022-12-22 20:20:01 #2 store] 
Configuration path: ?

[2022-12-22 20:20:01 #3 type] 
Type aboba.Hryak is not enhanced.

------------------------------------------------------------------------------------------------------------------------

[2022-12-22 20:26:31 #1 store] 
Database 'D:\GitHub\Hryaks\hryak.odb' has been recovered (tr. 18-18)

[2022-12-22 20:26:31 #2 store] 
Database 'D:\GitHub\Hryaks\hryak.odb' is opened by 25232@RayBenGhoulAxis

[2022-12-22 20:26:31 #3 store] 
Configuration path: ?

[2022-12-22 20:26:31 #4 type] 
Type aboba.Hryak is not enhanced.

------------------------------------------------------------------------------------------------------------------------

[2022-12-22 20:27:03 #1 store] 
Database 'D:\GitHub\Hryaks\hryak.odb' is opened by 21896@RayBenGhoulAxis

[2022-12-22 20:27:03 #2 store] 
Configuration path: ?

[2022-12-22 20:27:03 #3 type] 
Type aboba.Hryak is not enhanced.

------------------------------------------------------------------------------------------------------------------------

[2022-12-22 20:34:52 #1 store] 
Database 'D:\GitHub\Hryaks\hryak.odb' is opened by 5160@RayBenGhoulAxis

[2022-12-22 20:34:52 #2 store] 
Configuration path: ?

[2022-12-22 20:34:52 #3 type] 
Type aboba.Hryak is not enhanced.

------------------------------------------------------------------------------------------------------------------------

[2022-12-22 20:43:06 #1 store] 
Database 'G:\GitHub\Hryaks\hryak.odb' is opened by 22936@Koliy82PC

[2022-12-22 20:43:06 #2 store] 
Configuration path: ?

[2022-12-22 20:43:06 #3 type] 
Type aboba.Hryak is not enhanced.

------------------------------------------------------------------------------------------------------------------------

[2022-12-22 20:44:05 #1 store] 
Database 'G:\GitHub\Hryaks\hryak.odb' is opened by 28196@Koliy82PC

[2022-12-22 20:44:05 #2 store] 
Configuration path: ?

[2022-12-22 20:44:05 #3 type] 
Type aboba.Hryak is not enhanced.

------------------------------------------------------------------------------------------------------------------------

[2022-12-22 20:45:11 #1 store] 
Database 'G:\GitHub\Hryaks\hryak.odb' is opened by 9784@Koliy82PC

[2022-12-22 20:45:11 #2 store] 
Configuration path: ?

[2022-12-22 20:45:11 #3 type] 
Type aboba.Hryak is not enhanced.

------------------------------------------------------------------------------------------------------------------------

[2022-12-22 20:46:13 #1 store] 
Database 'G:\GitHub\Hryaks\hryak.odb' is opened by 11532@Koliy82PC

[2022-12-22 20:46:13 #2 store] 
Configuration path: ?

[2022-12-22 20:46:13 #3 type] 
Type aboba.Hryak is not enhanced.

------------------------------------------------------------------------------------------------------------------------

[2022-12-22 20:47:58 #1 store] 
Database 'G:\GitHub\Hryaks\hryak.odb' is opened by 9104@Koliy82PC

[2022-12-22 20:47:58 #2 store] 
Configuration path: ?

[2022-12-22 20:47:58 #3 type] 
Type aboba.Hryak is not enhanced.

------------------------------------------------------------------------------------------------------------------------

[2022-12-22 20:48:35 #1 store] 
Database 'G:\GitHub\Hryaks\hryak.odb' is opened by 13816@Koliy82PC

[2022-12-22 20:48:35 #2 store] 
Configuration path: ?

[2022-12-22 20:48:35 #3 type] 
Type aboba.Hryak is not enhanced.

------------------------------------------------------------------------------------------------------------------------

[2022-12-22 21:12:08 #1 store] 
Database 'G:\GitHub\Hryaks\hryak.odb' is opened by 28212@Koliy82PC

[2022-12-22 21:12:08 #2 store] 
Configuration path: ?

[2022-12-22 21:12:08 #3 type] 
Type aboba.Hryak is not enhanced.

